<?xml version="1.0" encoding="UTF-8"?>
<!-- Generated by org.testng.reporters.JUnitXMLReporter -->
<testsuite ignored="0" hostname="Lucky" failures="0" tests="7" name="OrangeHRM Tests" time="91.266" errors="0" timestamp="2025-08-29T20:02:16 IST">
  <testcase classname="tests.LoginTest" name="testLogin" time="2.742"/>
  <testcase classname="tests.AddEmployeeTest" name="testAddEmployee" time="12.136"/>
  <testcase classname="tests.SearchEmployeeTest" name="testSearchEmployee" time="4.389"/>
  <testcase classname="tests.UpdateEmployeeTest" name="testUpdateEmployee" time="7.064"/>
  <testcase classname="tests.DeleteEmployeeTest" name="testDeleteEmployee" time="4.884"/>
  <testcase classname="tests.LogoutTest" name="testLogout" time="4.262"/>
  <testcase classname="tests.InvalidLoginTest" name="testInvalidLogin" time="1.729"/>
</testsuite> <!-- OrangeHRM Tests -->
